
>>> [1] vaginal/SRR059458
==============================================
Accession : SRR059458
Bodysite  : vaginal
Threads   : 8
Output dir: /projects/course_1/scratch/group8/group-project-group-8/week18-preprocessing/vaginal/SRR059458
==============================================
Done: /projects/course_1/scratch/group8/group-project-group-8/week18-preprocessing/vaginal/SRR059458

>>> [2] vaginal/SRR059459
==============================================
Accession : SRR059459
Bodysite  : vaginal
Threads   : 8
Output dir: /projects/course_1/scratch/group8/group-project-group-8/week18-preprocessing/vaginal/SRR059459
==============================================
Done: /projects/course_1/scratch/group8/group-project-group-8/week18-preprocessing/vaginal/SRR059459

>>> [3] vaginal/SRR513791
==============================================
Accession : SRR513791
Bodysite  : vaginal
Threads   : 8
Output dir: /projects/course_1/scratch/group8/group-project-group-8/week18-preprocessing/vaginal/SRR513791
==============================================
Done: /projects/course_1/scratch/group8/group-project-group-8/week18-preprocessing/vaginal/SRR513791

==============================================
Batch complete. Accession dirs seen: 3
Run log: /projects/course_1/scratch/group8/group-project-group-8/week18-preprocessing/fastp_runs.log
==============================================
