==============================================
Accession : SRR059458  (vaginal)
BAM       : /maps/projects/course_1/scratch/group8/group-project-group-8/week18-preprocessing/retry/02_reads_preprocessing/vaginal/SRR059458/SRR059458.host.bam
Clean dir : /maps/projects/course_1/scratch/group8/group-project-group-8/week18-preprocessing/retry/02_reads_preprocessing/vaginal/SRR059458/cleaned
==============================================
[1/3] Extracting microbial (unmapped) read pairs...
[2/3] Counting microbial reads and bases...
[3/3] Extracting host-mapped reads...
  microbial reads : 35879622
  microbial bases : 3588371476
  host reads      : 804786
  host bases      : 78722086
Done: /maps/projects/course_1/scratch/group8/group-project-group-8/week18-preprocessing/retry/02_reads_preprocessing/vaginal/SRR059458/cleaned
==============================================
Accession : SRR059459  (vaginal)
BAM       : /maps/projects/course_1/scratch/group8/group-project-group-8/week18-preprocessing/retry/02_reads_preprocessing/vaginal/SRR059459/SRR059459.host.bam
Clean dir : /maps/projects/course_1/scratch/group8/group-project-group-8/week18-preprocessing/retry/02_reads_preprocessing/vaginal/SRR059459/cleaned
==============================================
[1/3] Extracting microbial (unmapped) read pairs...
[2/3] Counting microbial reads and bases...
[3/3] Extracting host-mapped reads...
  microbial reads : 35928314
  microbial bases : 3593494497
  host reads      : 806298
  host bases      : 78888436
Done: /maps/projects/course_1/scratch/group8/group-project-group-8/week18-preprocessing/retry/02_reads_preprocessing/vaginal/SRR059459/cleaned
==============================================
Accession : SRR513791  (vaginal)
BAM       : /maps/projects/course_1/scratch/group8/group-project-group-8/week18-preprocessing/retry/02_reads_preprocessing/vaginal/SRR513791/SRR513791.host.bam
Clean dir : /maps/projects/course_1/scratch/group8/group-project-group-8/week18-preprocessing/retry/02_reads_preprocessing/vaginal/SRR513791/cleaned
==============================================
[1/3] Extracting microbial (unmapped) read pairs...
[2/3] Counting microbial reads and bases...
[3/3] Extracting host-mapped reads...
  microbial reads : 5627050
  microbial bases : 562473571
  host reads      : 52322
  host bases      : 5214595
Done: /maps/projects/course_1/scratch/group8/group-project-group-8/week18-preprocessing/retry/02_reads_preprocessing/vaginal/SRR513791/cleaned
